INFO - 2024-02-29 04:01:59 --> Session: Class initialized using 'CodeIgniter\Session\Handlers\FileHandler' driver.
INFO - 2024-02-29 04:02:05 --> Session: Class initialized using 'CodeIgniter\Session\Handlers\FileHandler' driver.
INFO - 2024-02-29 04:02:23 --> Session: Class initialized using 'CodeIgniter\Session\Handlers\FileHandler' driver.
INFO - 2024-02-29 04:02:24 --> Session: Class initialized using 'CodeIgniter\Session\Handlers\FileHandler' driver.
CRITICAL - 2024-02-29 04:03:48 --> ErrorException: Undefined variable: route
in APPPATH\Config\Routes.php on line 44.
 1 APPPATH\Config\Routes.php(44): CodeIgniter\Debug\Exceptions->errorHandler(8, 'Undefined variable: route', 'D:\\personal\\finalyear\\petcare\\app\\Config\\Routes.php', 44, [...])
 2 SYSTEMPATH\Router\RouteCollection.php(344): require('D:\\personal\\finalyear\\petcare\\app\\Config\\Routes.php')
 3 SYSTEMPATH\CodeIgniter.php(810): CodeIgniter\Router\RouteCollection->loadRoutes()
 4 SYSTEMPATH\CodeIgniter.php(450): CodeIgniter\CodeIgniter->tryToRouteIt(null)
 5 SYSTEMPATH\CodeIgniter.php(361): CodeIgniter\CodeIgniter->handleRequest(null, Object(Config\Cache), false)
 6 FCPATH\index.php(79): CodeIgniter\CodeIgniter->run()
 7 SYSTEMPATH\Commands\Server\rewrite.php(47): require_once('D:\\personal\\finalyear\\petcare\\public\\index.php')
INFO - 2024-02-29 04:04:06 --> Session: Class initialized using 'CodeIgniter\Session\Handlers\FileHandler' driver.
INFO - 2024-02-29 04:04:29 --> Session: Class initialized using 'CodeIgniter\Session\Handlers\FileHandler' driver.
INFO - 2024-02-29 04:04:46 --> Session: Class initialized using 'CodeIgniter\Session\Handlers\FileHandler' driver.
INFO - 2024-02-29 04:06:56 --> Session: Class initialized using 'CodeIgniter\Session\Handlers\FileHandler' driver.
INFO - 2024-02-29 04:07:01 --> Session: Class initialized using 'CodeIgniter\Session\Handlers\FileHandler' driver.
INFO - 2024-02-29 04:11:46 --> Session: Class initialized using 'CodeIgniter\Session\Handlers\FileHandler' driver.
INFO - 2024-02-29 15:36:50 --> Session: Class initialized using 'CodeIgniter\Session\Handlers\FileHandler' driver.
INFO - 2024-02-29 15:36:51 --> Session: Class initialized using 'CodeIgniter\Session\Handlers\FileHandler' driver.
INFO - 2024-02-29 15:37:36 --> Session: Class initialized using 'CodeIgniter\Session\Handlers\FileHandler' driver.
INFO - 2024-02-29 15:37:37 --> Session: Class initialized using 'CodeIgniter\Session\Handlers\FileHandler' driver.
INFO - 2024-02-29 15:37:37 --> Session: Class initialized using 'CodeIgniter\Session\Handlers\FileHandler' driver.
INFO - 2024-02-29 15:37:38 --> Session: Class initialized using 'CodeIgniter\Session\Handlers\FileHandler' driver.
INFO - 2024-02-29 15:37:49 --> Session: Class initialized using 'CodeIgniter\Session\Handlers\FileHandler' driver.
CRITICAL - 2024-02-29 15:37:49 --> ErrorException: Undefined variable: document
in APPPATH\Views\auth\profile.php on line 46.
 1 APPPATH\Views\auth\profile.php(46): CodeIgniter\Debug\Exceptions->errorHandler(8, 'Undefined variable: document', 'D:\\personal\\finalyear\\petcare\\app\\Views\\auth\\profile.php', 46, [...])
 2 SYSTEMPATH\View\View.php(228): include('D:\\personal\\finalyear\\petcare\\app\\Views\\auth\\profile.php')
 3 SYSTEMPATH\View\View.php(231): CodeIgniter\View\View->CodeIgniter\View\{closure}()
 4 SYSTEMPATH\Common.php(1178): CodeIgniter\View\View->render('auth/profile', [], true)
 5 APPPATH\Controllers\Users.php(32): view('auth/profile', [...])
 6 SYSTEMPATH\CodeIgniter.php(941): App\Controllers\Users->profile()
 7 SYSTEMPATH\CodeIgniter.php(502): CodeIgniter\CodeIgniter->runController(Object(App\Controllers\Users))
 8 SYSTEMPATH\CodeIgniter.php(361): CodeIgniter\CodeIgniter->handleRequest(null, Object(Config\Cache), false)
 9 FCPATH\index.php(79): CodeIgniter\CodeIgniter->run()
10 SYSTEMPATH\Commands\Server\rewrite.php(47): require_once('D:\\personal\\finalyear\\petcare\\public\\index.php')
INFO - 2024-02-29 15:38:01 --> Session: Class initialized using 'CodeIgniter\Session\Handlers\FileHandler' driver.
INFO - 2024-02-29 15:41:06 --> Session: Class initialized using 'CodeIgniter\Session\Handlers\FileHandler' driver.
INFO - 2024-02-29 15:41:46 --> Session: Class initialized using 'CodeIgniter\Session\Handlers\FileHandler' driver.
INFO - 2024-02-29 15:41:46 --> Session: Class initialized using 'CodeIgniter\Session\Handlers\FileHandler' driver.
INFO - 2024-02-29 15:42:26 --> Session: Class initialized using 'CodeIgniter\Session\Handlers\FileHandler' driver.
INFO - 2024-02-29 15:43:09 --> Session: Class initialized using 'CodeIgniter\Session\Handlers\FileHandler' driver.
INFO - 2024-02-29 15:43:52 --> Session: Class initialized using 'CodeIgniter\Session\Handlers\FileHandler' driver.
INFO - 2024-02-29 15:44:13 --> Session: Class initialized using 'CodeIgniter\Session\Handlers\FileHandler' driver.
INFO - 2024-02-29 15:46:50 --> Session: Class initialized using 'CodeIgniter\Session\Handlers\FileHandler' driver.
INFO - 2024-02-29 15:48:25 --> Session: Class initialized using 'CodeIgniter\Session\Handlers\FileHandler' driver.
INFO - 2024-02-29 15:49:55 --> Session: Class initialized using 'CodeIgniter\Session\Handlers\FileHandler' driver.
INFO - 2024-02-29 15:51:59 --> Session: Class initialized using 'CodeIgniter\Session\Handlers\FileHandler' driver.
INFO - 2024-02-29 15:52:39 --> Session: Class initialized using 'CodeIgniter\Session\Handlers\FileHandler' driver.
INFO - 2024-02-29 15:52:56 --> Session: Class initialized using 'CodeIgniter\Session\Handlers\FileHandler' driver.
INFO - 2024-02-29 15:57:21 --> Session: Class initialized using 'CodeIgniter\Session\Handlers\FileHandler' driver.
INFO - 2024-02-29 15:57:22 --> Session: Class initialized using 'CodeIgniter\Session\Handlers\FileHandler' driver.
INFO - 2024-02-29 15:58:20 --> Session: Class initialized using 'CodeIgniter\Session\Handlers\FileHandler' driver.
CRITICAL - 2024-02-29 15:58:20 --> Error: Cannot use object of type stdClass as array
in APPPATH\Controllers\Allies.php on line 260.
 1 SYSTEMPATH\CodeIgniter.php(941): App\Controllers\Allies->deletedoc('assets', 'images', 'allies', 'pads.png')
 2 SYSTEMPATH\CodeIgniter.php(502): CodeIgniter\CodeIgniter->runController(Object(App\Controllers\Allies))
 3 SYSTEMPATH\CodeIgniter.php(361): CodeIgniter\CodeIgniter->handleRequest(null, Object(Config\Cache), false)
 4 FCPATH\index.php(79): CodeIgniter\CodeIgniter->run()
 5 SYSTEMPATH\Commands\Server\rewrite.php(47): require_once('D:\\personal\\finalyear\\petcare\\public\\index.php')
INFO - 2024-02-29 15:58:31 --> Session: Class initialized using 'CodeIgniter\Session\Handlers\FileHandler' driver.
INFO - 2024-02-29 15:59:31 --> Session: Class initialized using 'CodeIgniter\Session\Handlers\FileHandler' driver.
CRITICAL - 2024-02-29 15:59:31 --> Error: Call to undefined method App\Controllers\Users::where()
in APPPATH\Controllers\Allies.php on line 262.
 1 SYSTEMPATH\CodeIgniter.php(941): App\Controllers\Allies->deletedoc('assets', 'images', 'allies', 'pads.png')
 2 SYSTEMPATH\CodeIgniter.php(502): CodeIgniter\CodeIgniter->runController(Object(App\Controllers\Allies))
 3 SYSTEMPATH\CodeIgniter.php(361): CodeIgniter\CodeIgniter->handleRequest(null, Object(Config\Cache), false)
 4 FCPATH\index.php(79): CodeIgniter\CodeIgniter->run()
 5 SYSTEMPATH\Commands\Server\rewrite.php(47): require_once('D:\\personal\\finalyear\\petcare\\public\\index.php')
INFO - 2024-02-29 15:59:49 --> Session: Class initialized using 'CodeIgniter\Session\Handlers\FileHandler' driver.
INFO - 2024-02-29 16:07:33 --> Session: Class initialized using 'CodeIgniter\Session\Handlers\FileHandler' driver.
INFO - 2024-02-29 16:07:34 --> Session: Class initialized using 'CodeIgniter\Session\Handlers\FileHandler' driver.
INFO - 2024-02-29 16:07:39 --> Session: Class initialized using 'CodeIgniter\Session\Handlers\FileHandler' driver.
INFO - 2024-02-29 16:07:39 --> Session: Class initialized using 'CodeIgniter\Session\Handlers\FileHandler' driver.
INFO - 2024-02-29 16:08:03 --> Session: Class initialized using 'CodeIgniter\Session\Handlers\FileHandler' driver.
INFO - 2024-02-29 16:08:05 --> Session: Class initialized using 'CodeIgniter\Session\Handlers\FileHandler' driver.
INFO - 2024-02-29 16:11:14 --> Session: Class initialized using 'CodeIgniter\Session\Handlers\FileHandler' driver.
INFO - 2024-02-29 16:11:15 --> Session: Class initialized using 'CodeIgniter\Session\Handlers\FileHandler' driver.
INFO - 2024-02-29 16:11:17 --> Session: Class initialized using 'CodeIgniter\Session\Handlers\FileHandler' driver.
INFO - 2024-02-29 16:11:30 --> Session: Class initialized using 'CodeIgniter\Session\Handlers\FileHandler' driver.
CRITICAL - 2024-02-29 16:11:30 --> CodeIgniter\Database\Exceptions\DataException: There is no data to update.
in SYSTEMPATH\BaseModel.php on line 1778.
 1 SYSTEMPATH\BaseModel.php(1778): CodeIgniter\Database\Exceptions\DataException::forEmptyDataset('update')
 2 SYSTEMPATH\BaseModel.php(956): CodeIgniter\BaseModel->transformDataToArray(null, 'update')
 3 SYSTEMPATH\Model.php(807): CodeIgniter\BaseModel->update([...], null)
 4 APPPATH\Controllers\Allies.php(273): CodeIgniter\Model->update([...])
 5 SYSTEMPATH\CodeIgniter.php(941): App\Controllers\Allies->deletedoc()
 6 SYSTEMPATH\CodeIgniter.php(502): CodeIgniter\CodeIgniter->runController(Object(App\Controllers\Allies))
 7 SYSTEMPATH\CodeIgniter.php(361): CodeIgniter\CodeIgniter->handleRequest(null, Object(Config\Cache), false)
 8 FCPATH\index.php(79): CodeIgniter\CodeIgniter->run()
 9 SYSTEMPATH\Commands\Server\rewrite.php(47): require_once('D:\\personal\\finalyear\\petcare\\public\\index.php')
INFO - 2024-02-29 16:12:37 --> Session: Class initialized using 'CodeIgniter\Session\Handlers\FileHandler' driver.
CRITICAL - 2024-02-29 16:12:37 --> ErrorException: unlink(./assets/images/allies/pads.png): No such file or directory
in APPPATH\Controllers\Allies.php on line 270.
 1 [internal function]: CodeIgniter\Debug\Exceptions->errorHandler(2, 'unlink(./assets/images/allies/pads.png): No such file or directory', 'D:\\personal\\finalyear\\petcare\\app\\Controllers\\Allies.php', 270, [...])
 2 APPPATH\Controllers\Allies.php(270): unlink('./assets/images/allies/pads.png')
 3 SYSTEMPATH\CodeIgniter.php(941): App\Controllers\Allies->deletedoc()
 4 SYSTEMPATH\CodeIgniter.php(502): CodeIgniter\CodeIgniter->runController(Object(App\Controllers\Allies))
 5 SYSTEMPATH\CodeIgniter.php(361): CodeIgniter\CodeIgniter->handleRequest(null, Object(Config\Cache), false)
 6 FCPATH\index.php(79): CodeIgniter\CodeIgniter->run()
 7 SYSTEMPATH\Commands\Server\rewrite.php(47): require_once('D:\\personal\\finalyear\\petcare\\public\\index.php')
INFO - 2024-02-29 16:12:39 --> Session: Class initialized using 'CodeIgniter\Session\Handlers\FileHandler' driver.
CRITICAL - 2024-02-29 16:12:39 --> ErrorException: unlink(./assets/images/allies/pads.png): No such file or directory
in APPPATH\Controllers\Allies.php on line 270.
 1 [internal function]: CodeIgniter\Debug\Exceptions->errorHandler(2, 'unlink(./assets/images/allies/pads.png): No such file or directory', 'D:\\personal\\finalyear\\petcare\\app\\Controllers\\Allies.php', 270, [...])
 2 APPPATH\Controllers\Allies.php(270): unlink('./assets/images/allies/pads.png')
 3 SYSTEMPATH\CodeIgniter.php(941): App\Controllers\Allies->deletedoc()
 4 SYSTEMPATH\CodeIgniter.php(502): CodeIgniter\CodeIgniter->runController(Object(App\Controllers\Allies))
 5 SYSTEMPATH\CodeIgniter.php(361): CodeIgniter\CodeIgniter->handleRequest(null, Object(Config\Cache), false)
 6 FCPATH\index.php(79): CodeIgniter\CodeIgniter->run()
 7 SYSTEMPATH\Commands\Server\rewrite.php(47): require_once('D:\\personal\\finalyear\\petcare\\public\\index.php')
INFO - 2024-02-29 16:12:54 --> Session: Class initialized using 'CodeIgniter\Session\Handlers\FileHandler' driver.
INFO - 2024-02-29 16:12:55 --> Session: Class initialized using 'CodeIgniter\Session\Handlers\FileHandler' driver.
CRITICAL - 2024-02-29 16:12:55 --> ErrorException: Invalid argument supplied for foreach()
in APPPATH\Views\auth\profile.php on line 47.
 1 APPPATH\Views\auth\profile.php(47): CodeIgniter\Debug\Exceptions->errorHandler(2, 'Invalid argument supplied for foreach()', 'D:\\personal\\finalyear\\petcare\\app\\Views\\auth\\profile.php', 47, [...])
 2 SYSTEMPATH\View\View.php(228): include('D:\\personal\\finalyear\\petcare\\app\\Views\\auth\\profile.php')
 3 SYSTEMPATH\View\View.php(231): CodeIgniter\View\View->CodeIgniter\View\{closure}()
 4 SYSTEMPATH\Common.php(1178): CodeIgniter\View\View->render('auth/profile', [], true)
 5 APPPATH\Controllers\Users.php(32): view('auth/profile', [...])
 6 SYSTEMPATH\CodeIgniter.php(941): App\Controllers\Users->profile()
 7 SYSTEMPATH\CodeIgniter.php(502): CodeIgniter\CodeIgniter->runController(Object(App\Controllers\Users))
 8 SYSTEMPATH\CodeIgniter.php(361): CodeIgniter\CodeIgniter->handleRequest(null, Object(Config\Cache), false)
 9 FCPATH\index.php(79): CodeIgniter\CodeIgniter->run()
10 SYSTEMPATH\Commands\Server\rewrite.php(47): require_once('D:\\personal\\finalyear\\petcare\\public\\index.php')
INFO - 2024-02-29 16:13:31 --> Session: Class initialized using 'CodeIgniter\Session\Handlers\FileHandler' driver.
CRITICAL - 2024-02-29 16:13:31 --> ErrorException: Invalid argument supplied for foreach()
in APPPATH\Views\auth\profile.php on line 47.
 1 APPPATH\Views\auth\profile.php(47): CodeIgniter\Debug\Exceptions->errorHandler(2, 'Invalid argument supplied for foreach()', 'D:\\personal\\finalyear\\petcare\\app\\Views\\auth\\profile.php', 47, [...])
 2 SYSTEMPATH\View\View.php(228): include('D:\\personal\\finalyear\\petcare\\app\\Views\\auth\\profile.php')
 3 SYSTEMPATH\View\View.php(231): CodeIgniter\View\View->CodeIgniter\View\{closure}()
 4 SYSTEMPATH\Common.php(1178): CodeIgniter\View\View->render('auth/profile', [], true)
 5 APPPATH\Controllers\Users.php(32): view('auth/profile', [...])
 6 SYSTEMPATH\CodeIgniter.php(941): App\Controllers\Users->profile()
 7 SYSTEMPATH\CodeIgniter.php(502): CodeIgniter\CodeIgniter->runController(Object(App\Controllers\Users))
 8 SYSTEMPATH\CodeIgniter.php(361): CodeIgniter\CodeIgniter->handleRequest(null, Object(Config\Cache), false)
 9 FCPATH\index.php(79): CodeIgniter\CodeIgniter->run()
10 SYSTEMPATH\Commands\Server\rewrite.php(47): require_once('D:\\personal\\finalyear\\petcare\\public\\index.php')
INFO - 2024-02-29 16:13:32 --> Session: Class initialized using 'CodeIgniter\Session\Handlers\FileHandler' driver.
CRITICAL - 2024-02-29 16:13:32 --> ErrorException: Invalid argument supplied for foreach()
in APPPATH\Views\auth\profile.php on line 47.
 1 APPPATH\Views\auth\profile.php(47): CodeIgniter\Debug\Exceptions->errorHandler(2, 'Invalid argument supplied for foreach()', 'D:\\personal\\finalyear\\petcare\\app\\Views\\auth\\profile.php', 47, [...])
 2 SYSTEMPATH\View\View.php(228): include('D:\\personal\\finalyear\\petcare\\app\\Views\\auth\\profile.php')
 3 SYSTEMPATH\View\View.php(231): CodeIgniter\View\View->CodeIgniter\View\{closure}()
 4 SYSTEMPATH\Common.php(1178): CodeIgniter\View\View->render('auth/profile', [], true)
 5 APPPATH\Controllers\Users.php(32): view('auth/profile', [...])
 6 SYSTEMPATH\CodeIgniter.php(941): App\Controllers\Users->profile()
 7 SYSTEMPATH\CodeIgniter.php(502): CodeIgniter\CodeIgniter->runController(Object(App\Controllers\Users))
 8 SYSTEMPATH\CodeIgniter.php(361): CodeIgniter\CodeIgniter->handleRequest(null, Object(Config\Cache), false)
 9 FCPATH\index.php(79): CodeIgniter\CodeIgniter->run()
10 SYSTEMPATH\Commands\Server\rewrite.php(47): require_once('D:\\personal\\finalyear\\petcare\\public\\index.php')
INFO - 2024-02-29 16:13:44 --> Session: Class initialized using 'CodeIgniter\Session\Handlers\FileHandler' driver.
CRITICAL - 2024-02-29 16:13:44 --> ErrorException: in_array() expects parameter 2 to be array, null given
in APPPATH\Controllers\Allies.php on line 269.
 1 [internal function]: CodeIgniter\Debug\Exceptions->errorHandler(2, 'in_array() expects parameter 2 to be array, null given', 'D:\\personal\\finalyear\\petcare\\app\\Controllers\\Allies.php', 269, [...])
 2 APPPATH\Controllers\Allies.php(269): in_array('assets/images/allies/pads.png', null)
 3 SYSTEMPATH\CodeIgniter.php(941): App\Controllers\Allies->deletedoc()
 4 SYSTEMPATH\CodeIgniter.php(502): CodeIgniter\CodeIgniter->runController(Object(App\Controllers\Allies))
 5 SYSTEMPATH\CodeIgniter.php(361): CodeIgniter\CodeIgniter->handleRequest(null, Object(Config\Cache), false)
 6 FCPATH\index.php(79): CodeIgniter\CodeIgniter->run()
 7 SYSTEMPATH\Commands\Server\rewrite.php(47): require_once('D:\\personal\\finalyear\\petcare\\public\\index.php')
INFO - 2024-02-29 16:14:11 --> Session: Class initialized using 'CodeIgniter\Session\Handlers\FileHandler' driver.
INFO - 2024-02-29 16:14:59 --> Session: Class initialized using 'CodeIgniter\Session\Handlers\FileHandler' driver.
INFO - 2024-02-29 16:15:10 --> Session: Class initialized using 'CodeIgniter\Session\Handlers\FileHandler' driver.
INFO - 2024-02-29 16:15:10 --> Session: Class initialized using 'CodeIgniter\Session\Handlers\FileHandler' driver.
INFO - 2024-02-29 16:15:14 --> Session: Class initialized using 'CodeIgniter\Session\Handlers\FileHandler' driver.
INFO - 2024-02-29 16:15:14 --> Session: Class initialized using 'CodeIgniter\Session\Handlers\FileHandler' driver.
INFO - 2024-02-29 16:17:08 --> Session: Class initialized using 'CodeIgniter\Session\Handlers\FileHandler' driver.
INFO - 2024-02-29 16:18:10 --> Session: Class initialized using 'CodeIgniter\Session\Handlers\FileHandler' driver.
INFO - 2024-02-29 16:28:25 --> Session: Class initialized using 'CodeIgniter\Session\Handlers\FileHandler' driver.
ERROR - 2024-02-29 16:28:25 --> mysqli_sql_exception: You have an error in your SQL syntax; check the manual that corresponds to your MariaDB server version for the right syntax to use near '), `type` = '2', `token` = 'eyJ0eXAiOiJKV1QiLCJhbGciOiJIUzI1NiJ9.eyJpZCI6IjQiLCJ' at line 1 in D:\personal\finalyear\petcare\system\Database\MySQLi\Connection.php:306
Stack trace:
#0 D:\personal\finalyear\petcare\system\Database\MySQLi\Connection.php(306): mysqli->query('UPDATE `user` S...', 0)
#1 D:\personal\finalyear\petcare\system\Database\BaseConnection.php(693): CodeIgniter\Database\MySQLi\Connection->execute('UPDATE `user` S...')
#2 D:\personal\finalyear\petcare\system\Database\BaseConnection.php(607): CodeIgniter\Database\BaseConnection->simpleQuery('UPDATE `user` S...')
#3 D:\personal\finalyear\petcare\system\Database\BaseBuilder.php(2469): CodeIgniter\Database\BaseConnection->query('UPDATE `user` S...', Array, false)
#4 D:\personal\finalyear\petcare\system\Model.php(393): CodeIgniter\Database\BaseBuilder->update()
#5 D:\personal\finalyear\petcare\system\BaseModel.php(987): CodeIgniter\Model->doUpdate(Array, Array)
#6 D:\personal\finalyear\petcare\system\Model.php(807): CodeIgniter\BaseModel->update(Array, Array)
#7 D:\personal\finalyear\petcare\app\Controllers\Users.php(69): CodeIgniter\Model->update('4', Array)
#8 D:\personal\finalyear\petcare\system\CodeIgniter.php(941): App\Controllers\Users->updateProfile()
#9 D:\personal\finalyear\petcare\system\CodeIgniter.php(502): CodeIgniter\CodeIgniter->runController(Object(App\Controllers\Users))
#10 D:\personal\finalyear\petcare\system\CodeIgniter.php(361): CodeIgniter\CodeIgniter->handleRequest(NULL, Object(Config\Cache), false)
#11 D:\personal\finalyear\petcare\public\index.php(79): CodeIgniter\CodeIgniter->run()
#12 D:\personal\finalyear\petcare\system\Commands\Server\rewrite.php(47): require_once('D:\\personal\\fin...')
#13 {main}
CRITICAL - 2024-02-29 16:28:25 --> CodeIgniter\Database\Exceptions\DatabaseException: You have an error in your SQL syntax; check the manual that corresponds to your MariaDB server version for the right syntax to use near '), `type` = '2', `token` = 'eyJ0eXAiOiJKV1QiLCJhbGciOiJIUzI1NiJ9.eyJpZCI6IjQiLCJ' at line 1
in SYSTEMPATH\Database\BaseConnection.php on line 647.
 1 SYSTEMPATH\Database\BaseBuilder.php(2469): CodeIgniter\Database\BaseConnection->query('UPDATE `user` SET `name` = :name:, `email` = :email:, `phone` = :phone:, `password` = :password:, `documents` = :documents:, `type` = :type:, `token` = :token:, `status` = :status:, `expiry_date` = :expiry_date:, `created_at` = :created_at:, `updated_at` = :updated_at:
WHERE `user`.`id` IN :user.id:', [...], false)
 2 SYSTEMPATH\Model.php(393): CodeIgniter\Database\BaseBuilder->update()
 3 SYSTEMPATH\BaseModel.php(987): CodeIgniter\Model->doUpdate([...], [...])
 4 SYSTEMPATH\Model.php(807): CodeIgniter\BaseModel->update([...], [...])
 5 APPPATH\Controllers\Users.php(69): CodeIgniter\Model->update('4', [...])
 6 SYSTEMPATH\CodeIgniter.php(941): App\Controllers\Users->updateProfile()
 7 SYSTEMPATH\CodeIgniter.php(502): CodeIgniter\CodeIgniter->runController(Object(App\Controllers\Users))
 8 SYSTEMPATH\CodeIgniter.php(361): CodeIgniter\CodeIgniter->handleRequest(null, Object(Config\Cache), false)
 9 FCPATH\index.php(79): CodeIgniter\CodeIgniter->run()
10 SYSTEMPATH\Commands\Server\rewrite.php(47): require_once('D:\\personal\\finalyear\\petcare\\public\\index.php')
CRITICAL - 2024-02-29 16:28:25 --> [Caused by] CodeIgniter\Database\Exceptions\DatabaseException: You have an error in your SQL syntax; check the manual that corresponds to your MariaDB server version for the right syntax to use near '), `type` = '2', `token` = 'eyJ0eXAiOiJKV1QiLCJhbGciOiJIUzI1NiJ9.eyJpZCI6IjQiLCJ' at line 1
in SYSTEMPATH\Database\MySQLi\Connection.php on line 311.
 1 SYSTEMPATH\Database\BaseConnection.php(693): CodeIgniter\Database\MySQLi\Connection->execute('UPDATE `user` SET `name` = \'Adoptable Allies\', `email` = \'adoptablealliesssss@gmail.com\', `phone` = \'9813347990\', `password` = \'$2y$10$bmF.dfT4jyLdfC7xfEn7hes27DLD5qO9JobKkZj83T6IxnxS8O8aG\', `documents` = (), `type` = \'2\', `token` = \'eyJ0eXAiOiJKV1QiLCJhbGciOiJIUzI1NiJ9.eyJpZCI6IjQiLCJlbWFpbCI6ImFkb3B0YWJsZWFsbGllc0BnbWFpbC5jb20iLCJuYW1lIjoiQWRvcHRhYmxlIEFsbGllcyIsInBob25lIjoiOTgxMzM0Nzk5MCIsInR5cGUiOiIyIiwic3RhdHVzIjoiMSIsImV4cGlyeV9kYXRlIjoiMjAyNC0wMy0wMSAxNTozNzozNyJ9.GAbBM7iNAO4Q0Hgti1aYFiUMpECl4oYZfZvsmqz6M6I\', `status` = \'1\', `expiry_date` = \'2024-03-01 15:37:37\', `created_at` = \'2024-02-22 10:01:44\', `updated_at` = \'2024-02-22 10:01:44\'
WHERE `user`.`id` IN (\'4\')')
 2 SYSTEMPATH\Database\BaseConnection.php(607): CodeIgniter\Database\BaseConnection->simpleQuery('UPDATE `user` SET `name` = \'Adoptable Allies\', `email` = \'adoptablealliesssss@gmail.com\', `phone` = \'9813347990\', `password` = \'$2y$10$bmF.dfT4jyLdfC7xfEn7hes27DLD5qO9JobKkZj83T6IxnxS8O8aG\', `documents` = (), `type` = \'2\', `token` = \'eyJ0eXAiOiJKV1QiLCJhbGciOiJIUzI1NiJ9.eyJpZCI6IjQiLCJlbWFpbCI6ImFkb3B0YWJsZWFsbGllc0BnbWFpbC5jb20iLCJuYW1lIjoiQWRvcHRhYmxlIEFsbGllcyIsInBob25lIjoiOTgxMzM0Nzk5MCIsInR5cGUiOiIyIiwic3RhdHVzIjoiMSIsImV4cGlyeV9kYXRlIjoiMjAyNC0wMy0wMSAxNTozNzozNyJ9.GAbBM7iNAO4Q0Hgti1aYFiUMpECl4oYZfZvsmqz6M6I\', `status` = \'1\', `expiry_date` = \'2024-03-01 15:37:37\', `created_at` = \'2024-02-22 10:01:44\', `updated_at` = \'2024-02-22 10:01:44\'
WHERE `user`.`id` IN (\'4\')')
 3 SYSTEMPATH\Database\BaseBuilder.php(2469): CodeIgniter\Database\BaseConnection->query('UPDATE `user` SET `name` = :name:, `email` = :email:, `phone` = :phone:, `password` = :password:, `documents` = :documents:, `type` = :type:, `token` = :token:, `status` = :status:, `expiry_date` = :expiry_date:, `created_at` = :created_at:, `updated_at` = :updated_at:
WHERE `user`.`id` IN :user.id:', [...], false)
 4 SYSTEMPATH\Model.php(393): CodeIgniter\Database\BaseBuilder->update()
 5 SYSTEMPATH\BaseModel.php(987): CodeIgniter\Model->doUpdate([...], [...])
 6 SYSTEMPATH\Model.php(807): CodeIgniter\BaseModel->update([...], [...])
 7 APPPATH\Controllers\Users.php(69): CodeIgniter\Model->update('4', [...])
 8 SYSTEMPATH\CodeIgniter.php(941): App\Controllers\Users->updateProfile()
 9 SYSTEMPATH\CodeIgniter.php(502): CodeIgniter\CodeIgniter->runController(Object(App\Controllers\Users))
10 SYSTEMPATH\CodeIgniter.php(361): CodeIgniter\CodeIgniter->handleRequest(null, Object(Config\Cache), false)
11 FCPATH\index.php(79): CodeIgniter\CodeIgniter->run()
12 SYSTEMPATH\Commands\Server\rewrite.php(47): require_once('D:\\personal\\finalyear\\petcare\\public\\index.php')
CRITICAL - 2024-02-29 16:28:25 --> [Caused by] mysqli_sql_exception: You have an error in your SQL syntax; check the manual that corresponds to your MariaDB server version for the right syntax to use near '), `type` = '2', `token` = 'eyJ0eXAiOiJKV1QiLCJhbGciOiJIUzI1NiJ9.eyJpZCI6IjQiLCJ' at line 1
in SYSTEMPATH\Database\MySQLi\Connection.php on line 306.
 1 SYSTEMPATH\Database\MySQLi\Connection.php(306): mysqli->query('UPDATE `user` SET `name` = \'Adoptable Allies\', `email` = \'adoptablealliesssss@gmail.com\', `phone` = \'9813347990\', `password` = \'$2y$10$bmF.dfT4jyLdfC7xfEn7hes27DLD5qO9JobKkZj83T6IxnxS8O8aG\', `documents` = (), `type` = \'2\', `token` = \'eyJ0eXAiOiJKV1QiLCJhbGciOiJIUzI1NiJ9.eyJpZCI6IjQiLCJlbWFpbCI6ImFkb3B0YWJsZWFsbGllc0BnbWFpbC5jb20iLCJuYW1lIjoiQWRvcHRhYmxlIEFsbGllcyIsInBob25lIjoiOTgxMzM0Nzk5MCIsInR5cGUiOiIyIiwic3RhdHVzIjoiMSIsImV4cGlyeV9kYXRlIjoiMjAyNC0wMy0wMSAxNTozNzozNyJ9.GAbBM7iNAO4Q0Hgti1aYFiUMpECl4oYZfZvsmqz6M6I\', `status` = \'1\', `expiry_date` = \'2024-03-01 15:37:37\', `created_at` = \'2024-02-22 10:01:44\', `updated_at` = \'2024-02-22 10:01:44\'
WHERE `user`.`id` IN (\'4\')', 0)
 2 SYSTEMPATH\Database\BaseConnection.php(693): CodeIgniter\Database\MySQLi\Connection->execute('UPDATE `user` SET `name` = \'Adoptable Allies\', `email` = \'adoptablealliesssss@gmail.com\', `phone` = \'9813347990\', `password` = \'$2y$10$bmF.dfT4jyLdfC7xfEn7hes27DLD5qO9JobKkZj83T6IxnxS8O8aG\', `documents` = (), `type` = \'2\', `token` = \'eyJ0eXAiOiJKV1QiLCJhbGciOiJIUzI1NiJ9.eyJpZCI6IjQiLCJlbWFpbCI6ImFkb3B0YWJsZWFsbGllc0BnbWFpbC5jb20iLCJuYW1lIjoiQWRvcHRhYmxlIEFsbGllcyIsInBob25lIjoiOTgxMzM0Nzk5MCIsInR5cGUiOiIyIiwic3RhdHVzIjoiMSIsImV4cGlyeV9kYXRlIjoiMjAyNC0wMy0wMSAxNTozNzozNyJ9.GAbBM7iNAO4Q0Hgti1aYFiUMpECl4oYZfZvsmqz6M6I\', `status` = \'1\', `expiry_date` = \'2024-03-01 15:37:37\', `created_at` = \'2024-02-22 10:01:44\', `updated_at` = \'2024-02-22 10:01:44\'
WHERE `user`.`id` IN (\'4\')')
 3 SYSTEMPATH\Database\BaseConnection.php(607): CodeIgniter\Database\BaseConnection->simpleQuery('UPDATE `user` SET `name` = \'Adoptable Allies\', `email` = \'adoptablealliesssss@gmail.com\', `phone` = \'9813347990\', `password` = \'$2y$10$bmF.dfT4jyLdfC7xfEn7hes27DLD5qO9JobKkZj83T6IxnxS8O8aG\', `documents` = (), `type` = \'2\', `token` = \'eyJ0eXAiOiJKV1QiLCJhbGciOiJIUzI1NiJ9.eyJpZCI6IjQiLCJlbWFpbCI6ImFkb3B0YWJsZWFsbGllc0BnbWFpbC5jb20iLCJuYW1lIjoiQWRvcHRhYmxlIEFsbGllcyIsInBob25lIjoiOTgxMzM0Nzk5MCIsInR5cGUiOiIyIiwic3RhdHVzIjoiMSIsImV4cGlyeV9kYXRlIjoiMjAyNC0wMy0wMSAxNTozNzozNyJ9.GAbBM7iNAO4Q0Hgti1aYFiUMpECl4oYZfZvsmqz6M6I\', `status` = \'1\', `expiry_date` = \'2024-03-01 15:37:37\', `created_at` = \'2024-02-22 10:01:44\', `updated_at` = \'2024-02-22 10:01:44\'
WHERE `user`.`id` IN (\'4\')')
 4 SYSTEMPATH\Database\BaseBuilder.php(2469): CodeIgniter\Database\BaseConnection->query('UPDATE `user` SET `name` = :name:, `email` = :email:, `phone` = :phone:, `password` = :password:, `documents` = :documents:, `type` = :type:, `token` = :token:, `status` = :status:, `expiry_date` = :expiry_date:, `created_at` = :created_at:, `updated_at` = :updated_at:
WHERE `user`.`id` IN :user.id:', [...], false)
 5 SYSTEMPATH\Model.php(393): CodeIgniter\Database\BaseBuilder->update()
 6 SYSTEMPATH\BaseModel.php(987): CodeIgniter\Model->doUpdate([...], [...])
 7 SYSTEMPATH\Model.php(807): CodeIgniter\BaseModel->update([...], [...])
 8 APPPATH\Controllers\Users.php(69): CodeIgniter\Model->update('4', [...])
 9 SYSTEMPATH\CodeIgniter.php(941): App\Controllers\Users->updateProfile()
10 SYSTEMPATH\CodeIgniter.php(502): CodeIgniter\CodeIgniter->runController(Object(App\Controllers\Users))
11 SYSTEMPATH\CodeIgniter.php(361): CodeIgniter\CodeIgniter->handleRequest(null, Object(Config\Cache), false)
12 FCPATH\index.php(79): CodeIgniter\CodeIgniter->run()
13 SYSTEMPATH\Commands\Server\rewrite.php(47): require_once('D:\\personal\\finalyear\\petcare\\public\\index.php')
INFO - 2024-02-29 16:29:40 --> Session: Class initialized using 'CodeIgniter\Session\Handlers\FileHandler' driver.
INFO - 2024-02-29 16:29:56 --> Session: Class initialized using 'CodeIgniter\Session\Handlers\FileHandler' driver.
INFO - 2024-02-29 16:30:23 --> Session: Class initialized using 'CodeIgniter\Session\Handlers\FileHandler' driver.
INFO - 2024-02-29 16:30:24 --> Session: Class initialized using 'CodeIgniter\Session\Handlers\FileHandler' driver.
INFO - 2024-02-29 16:31:08 --> Session: Class initialized using 'CodeIgniter\Session\Handlers\FileHandler' driver.
INFO - 2024-02-29 16:31:08 --> Session: Class initialized using 'CodeIgniter\Session\Handlers\FileHandler' driver.
INFO - 2024-02-29 16:31:13 --> Session: Class initialized using 'CodeIgniter\Session\Handlers\FileHandler' driver.
INFO - 2024-02-29 16:31:13 --> Session: Class initialized using 'CodeIgniter\Session\Handlers\FileHandler' driver.
INFO - 2024-02-29 16:42:10 --> Session: Class initialized using 'CodeIgniter\Session\Handlers\FileHandler' driver.
INFO - 2024-02-29 16:42:29 --> Session: Class initialized using 'CodeIgniter\Session\Handlers\FileHandler' driver.
INFO - 2024-02-29 16:42:29 --> Session: Class initialized using 'CodeIgniter\Session\Handlers\FileHandler' driver.
INFO - 2024-02-29 16:42:30 --> Session: Class initialized using 'CodeIgniter\Session\Handlers\FileHandler' driver.
INFO - 2024-02-29 16:42:36 --> Session: Class initialized using 'CodeIgniter\Session\Handlers\FileHandler' driver.
INFO - 2024-02-29 16:43:15 --> Session: Class initialized using 'CodeIgniter\Session\Handlers\FileHandler' driver.
INFO - 2024-02-29 16:43:15 --> Session: Class initialized using 'CodeIgniter\Session\Handlers\FileHandler' driver.
INFO - 2024-02-29 16:43:16 --> Session: Class initialized using 'CodeIgniter\Session\Handlers\FileHandler' driver.
INFO - 2024-02-29 16:43:16 --> Session: Class initialized using 'CodeIgniter\Session\Handlers\FileHandler' driver.
INFO - 2024-02-29 16:43:24 --> Session: Class initialized using 'CodeIgniter\Session\Handlers\FileHandler' driver.
