CRITICAL - 2024-01-03 15:27:13 --> CodeIgniter\View\Exceptions\ViewException: Invalid file: "../include/front.php"
in SYSTEMPATH\Exceptions\FrameworkException.php on line 39.
 1 SYSTEMPATH\View\View.php(216): CodeIgniter\Exceptions\FrameworkException::forInvalidFile('../include/front.php')
 2 SYSTEMPATH\View\View.php(244): CodeIgniter\View\View->render('../include/front', [], true)
 3 SYSTEMPATH\Common.php(1178): CodeIgniter\View\View->render('auth/register', [], true)
 4 APPPATH\Controllers\Home.php(26): view('auth/register')
 5 SYSTEMPATH\CodeIgniter.php(941): App\Controllers\Home->register()
 6 SYSTEMPATH\CodeIgniter.php(502): CodeIgniter\CodeIgniter->runController(Object(App\Controllers\Home))
 7 SYSTEMPATH\CodeIgniter.php(361): CodeIgniter\CodeIgniter->handleRequest(null, Object(Config\Cache), false)
 8 FCPATH\index.php(79): CodeIgniter\CodeIgniter->run()
 9 SYSTEMPATH\Commands\Server\rewrite.php(47): require_once('D:\\personal\\finalyear\\petcare\\public\\index.php')
CRITICAL - 2024-01-03 15:27:20 --> CodeIgniter\View\Exceptions\ViewException: Invalid file: "auth.register"
in SYSTEMPATH\Exceptions\FrameworkException.php on line 39.
 1 SYSTEMPATH\View\View.php(216): CodeIgniter\Exceptions\FrameworkException::forInvalidFile('auth.register')
 2 SYSTEMPATH\Common.php(1178): CodeIgniter\View\View->render('auth.register', [], true)
 3 APPPATH\Controllers\Home.php(26): view('auth.register')
 4 SYSTEMPATH\CodeIgniter.php(941): App\Controllers\Home->register()
 5 SYSTEMPATH\CodeIgniter.php(502): CodeIgniter\CodeIgniter->runController(Object(App\Controllers\Home))
 6 SYSTEMPATH\CodeIgniter.php(361): CodeIgniter\CodeIgniter->handleRequest(null, Object(Config\Cache), false)
 7 FCPATH\index.php(79): CodeIgniter\CodeIgniter->run()
 8 SYSTEMPATH\Commands\Server\rewrite.php(47): require_once('D:\\personal\\finalyear\\petcare\\public\\index.php')
CRITICAL - 2024-01-03 15:28:44 --> CodeIgniter\View\Exceptions\ViewException: Invalid file: "../include/front.php"
in SYSTEMPATH\Exceptions\FrameworkException.php on line 39.
 1 SYSTEMPATH\View\View.php(216): CodeIgniter\Exceptions\FrameworkException::forInvalidFile('../include/front.php')
 2 SYSTEMPATH\View\View.php(244): CodeIgniter\View\View->render('../include/front', [], true)
 3 SYSTEMPATH\Common.php(1178): CodeIgniter\View\View->render('auth/register', [], true)
 4 APPPATH\Controllers\Home.php(26): view('auth/register')
 5 SYSTEMPATH\CodeIgniter.php(941): App\Controllers\Home->register()
 6 SYSTEMPATH\CodeIgniter.php(502): CodeIgniter\CodeIgniter->runController(Object(App\Controllers\Home))
 7 SYSTEMPATH\CodeIgniter.php(361): CodeIgniter\CodeIgniter->handleRequest(null, Object(Config\Cache), false)
 8 FCPATH\index.php(79): CodeIgniter\CodeIgniter->run()
 9 SYSTEMPATH\Commands\Server\rewrite.php(47): require_once('D:\\personal\\finalyear\\petcare\\public\\index.php')
CRITICAL - 2024-01-03 15:28:45 --> CodeIgniter\View\Exceptions\ViewException: Invalid file: "../include/front.php"
in SYSTEMPATH\Exceptions\FrameworkException.php on line 39.
 1 SYSTEMPATH\View\View.php(216): CodeIgniter\Exceptions\FrameworkException::forInvalidFile('../include/front.php')
 2 SYSTEMPATH\View\View.php(244): CodeIgniter\View\View->render('../include/front', [], true)
 3 SYSTEMPATH\Common.php(1178): CodeIgniter\View\View->render('auth/register', [], true)
 4 APPPATH\Controllers\Home.php(26): view('auth/register')
 5 SYSTEMPATH\CodeIgniter.php(941): App\Controllers\Home->register()
 6 SYSTEMPATH\CodeIgniter.php(502): CodeIgniter\CodeIgniter->runController(Object(App\Controllers\Home))
 7 SYSTEMPATH\CodeIgniter.php(361): CodeIgniter\CodeIgniter->handleRequest(null, Object(Config\Cache), false)
 8 FCPATH\index.php(79): CodeIgniter\CodeIgniter->run()
 9 SYSTEMPATH\Commands\Server\rewrite.php(47): require_once('D:\\personal\\finalyear\\petcare\\public\\index.php')
CRITICAL - 2024-01-03 15:28:46 --> CodeIgniter\View\Exceptions\ViewException: Invalid file: "../include/front.php"
in SYSTEMPATH\Exceptions\FrameworkException.php on line 39.
 1 SYSTEMPATH\View\View.php(216): CodeIgniter\Exceptions\FrameworkException::forInvalidFile('../include/front.php')
 2 SYSTEMPATH\View\View.php(244): CodeIgniter\View\View->render('../include/front', [], true)
 3 SYSTEMPATH\Common.php(1178): CodeIgniter\View\View->render('auth/register', [], true)
 4 APPPATH\Controllers\Home.php(26): view('auth/register')
 5 SYSTEMPATH\CodeIgniter.php(941): App\Controllers\Home->register()
 6 SYSTEMPATH\CodeIgniter.php(502): CodeIgniter\CodeIgniter->runController(Object(App\Controllers\Home))
 7 SYSTEMPATH\CodeIgniter.php(361): CodeIgniter\CodeIgniter->handleRequest(null, Object(Config\Cache), false)
 8 FCPATH\index.php(79): CodeIgniter\CodeIgniter->run()
 9 SYSTEMPATH\Commands\Server\rewrite.php(47): require_once('D:\\personal\\finalyear\\petcare\\public\\index.php')
CRITICAL - 2024-01-03 15:28:46 --> CodeIgniter\View\Exceptions\ViewException: Invalid file: "../include/front.php"
in SYSTEMPATH\Exceptions\FrameworkException.php on line 39.
 1 SYSTEMPATH\View\View.php(216): CodeIgniter\Exceptions\FrameworkException::forInvalidFile('../include/front.php')
 2 SYSTEMPATH\View\View.php(244): CodeIgniter\View\View->render('../include/front', [], true)
 3 SYSTEMPATH\Common.php(1178): CodeIgniter\View\View->render('auth/register', [], true)
 4 APPPATH\Controllers\Home.php(26): view('auth/register')
 5 SYSTEMPATH\CodeIgniter.php(941): App\Controllers\Home->register()
 6 SYSTEMPATH\CodeIgniter.php(502): CodeIgniter\CodeIgniter->runController(Object(App\Controllers\Home))
 7 SYSTEMPATH\CodeIgniter.php(361): CodeIgniter\CodeIgniter->handleRequest(null, Object(Config\Cache), false)
 8 FCPATH\index.php(79): CodeIgniter\CodeIgniter->run()
 9 SYSTEMPATH\Commands\Server\rewrite.php(47): require_once('D:\\personal\\finalyear\\petcare\\public\\index.php')
CRITICAL - 2024-01-03 15:28:46 --> CodeIgniter\View\Exceptions\ViewException: Invalid file: "../include/front.php"
in SYSTEMPATH\Exceptions\FrameworkException.php on line 39.
 1 SYSTEMPATH\View\View.php(216): CodeIgniter\Exceptions\FrameworkException::forInvalidFile('../include/front.php')
 2 SYSTEMPATH\View\View.php(244): CodeIgniter\View\View->render('../include/front', [], true)
 3 SYSTEMPATH\Common.php(1178): CodeIgniter\View\View->render('auth/register', [], true)
 4 APPPATH\Controllers\Home.php(26): view('auth/register')
 5 SYSTEMPATH\CodeIgniter.php(941): App\Controllers\Home->register()
 6 SYSTEMPATH\CodeIgniter.php(502): CodeIgniter\CodeIgniter->runController(Object(App\Controllers\Home))
 7 SYSTEMPATH\CodeIgniter.php(361): CodeIgniter\CodeIgniter->handleRequest(null, Object(Config\Cache), false)
 8 FCPATH\index.php(79): CodeIgniter\CodeIgniter->run()
 9 SYSTEMPATH\Commands\Server\rewrite.php(47): require_once('D:\\personal\\finalyear\\petcare\\public\\index.php')
CRITICAL - 2024-01-03 15:31:40 --> CodeIgniter\View\Exceptions\ViewException: Invalid file: "../include/front.php"
in SYSTEMPATH\Exceptions\FrameworkException.php on line 39.
 1 SYSTEMPATH\View\View.php(216): CodeIgniter\Exceptions\FrameworkException::forInvalidFile('../include/front.php')
 2 SYSTEMPATH\View\View.php(244): CodeIgniter\View\View->render('../include/front', [], true)
 3 SYSTEMPATH\Common.php(1178): CodeIgniter\View\View->render('auth/register', [], true)
 4 APPPATH\Controllers\Home.php(26): view('auth/register')
 5 SYSTEMPATH\CodeIgniter.php(941): App\Controllers\Home->register()
 6 SYSTEMPATH\CodeIgniter.php(502): CodeIgniter\CodeIgniter->runController(Object(App\Controllers\Home))
 7 SYSTEMPATH\CodeIgniter.php(361): CodeIgniter\CodeIgniter->handleRequest(null, Object(Config\Cache), false)
 8 FCPATH\index.php(79): CodeIgniter\CodeIgniter->run()
 9 SYSTEMPATH\Commands\Server\rewrite.php(47): require_once('D:\\personal\\finalyear\\petcare\\public\\index.php')
CRITICAL - 2024-01-03 15:32:04 --> CodeIgniter\View\Exceptions\ViewException: Invalid file: "../include/front.php"
in SYSTEMPATH\Exceptions\FrameworkException.php on line 39.
 1 SYSTEMPATH\View\View.php(216): CodeIgniter\Exceptions\FrameworkException::forInvalidFile('../include/front.php')
 2 SYSTEMPATH\View\View.php(244): CodeIgniter\View\View->render('../include/front', [], true)
 3 SYSTEMPATH\Common.php(1178): CodeIgniter\View\View->render('auth/register', [], true)
 4 APPPATH\Controllers\Home.php(26): view('auth/register')
 5 SYSTEMPATH\CodeIgniter.php(941): App\Controllers\Home->register()
 6 SYSTEMPATH\CodeIgniter.php(502): CodeIgniter\CodeIgniter->runController(Object(App\Controllers\Home))
 7 SYSTEMPATH\CodeIgniter.php(361): CodeIgniter\CodeIgniter->handleRequest(null, Object(Config\Cache), false)
 8 FCPATH\index.php(79): CodeIgniter\CodeIgniter->run()
 9 SYSTEMPATH\Commands\Server\rewrite.php(47): require_once('D:\\personal\\finalyear\\petcare\\public\\index.php')
CRITICAL - 2024-01-03 15:32:05 --> CodeIgniter\View\Exceptions\ViewException: Invalid file: "../include/front.php"
in SYSTEMPATH\Exceptions\FrameworkException.php on line 39.
 1 SYSTEMPATH\View\View.php(216): CodeIgniter\Exceptions\FrameworkException::forInvalidFile('../include/front.php')
 2 SYSTEMPATH\View\View.php(244): CodeIgniter\View\View->render('../include/front', [], true)
 3 SYSTEMPATH\Common.php(1178): CodeIgniter\View\View->render('auth/register', [], true)
 4 APPPATH\Controllers\Home.php(26): view('auth/register')
 5 SYSTEMPATH\CodeIgniter.php(941): App\Controllers\Home->register()
 6 SYSTEMPATH\CodeIgniter.php(502): CodeIgniter\CodeIgniter->runController(Object(App\Controllers\Home))
 7 SYSTEMPATH\CodeIgniter.php(361): CodeIgniter\CodeIgniter->handleRequest(null, Object(Config\Cache), false)
 8 FCPATH\index.php(79): CodeIgniter\CodeIgniter->run()
 9 SYSTEMPATH\Commands\Server\rewrite.php(47): require_once('D:\\personal\\finalyear\\petcare\\public\\index.php')
CRITICAL - 2024-01-03 15:32:19 --> CodeIgniter\View\Exceptions\ViewException: Invalid file: "../include/front.php"
in SYSTEMPATH\Exceptions\FrameworkException.php on line 39.
 1 SYSTEMPATH\View\View.php(216): CodeIgniter\Exceptions\FrameworkException::forInvalidFile('../include/front.php')
 2 SYSTEMPATH\View\View.php(244): CodeIgniter\View\View->render('../include/front', [], true)
 3 SYSTEMPATH\Common.php(1178): CodeIgniter\View\View->render('auth/register', [], true)
 4 APPPATH\Controllers\Home.php(26): view('auth/register')
 5 SYSTEMPATH\CodeIgniter.php(941): App\Controllers\Home->register()
 6 SYSTEMPATH\CodeIgniter.php(502): CodeIgniter\CodeIgniter->runController(Object(App\Controllers\Home))
 7 SYSTEMPATH\CodeIgniter.php(361): CodeIgniter\CodeIgniter->handleRequest(null, Object(Config\Cache), false)
 8 FCPATH\index.php(79): CodeIgniter\CodeIgniter->run()
 9 SYSTEMPATH\Commands\Server\rewrite.php(47): require_once('D:\\personal\\finalyear\\petcare\\public\\index.php')
ERROR - 2024-01-03 16:21:49 --> Error connecting to the database: mysqli_sql_exception: Access denied for user ''@'localhost' (using password: NO) in D:\personal\finalyear\petcare\system\Database\MySQLi\Connection.php:185
Stack trace:
#0 D:\personal\finalyear\petcare\system\Database\MySQLi\Connection.php(185): mysqli->real_connect('localhost', '', '', '', 3306, '', 0)
#1 D:\personal\finalyear\petcare\system\Database\BaseConnection.php(392): CodeIgniter\Database\MySQLi\Connection->connect(false)
#2 D:\personal\finalyear\petcare\system\Database\BaseConnection.php(575): CodeIgniter\Database\BaseConnection->initialize()
#3 D:\personal\finalyear\petcare\system\Database\BaseBuilder.php(1613): CodeIgniter\Database\BaseConnection->query('SELECT 1\nFROM `...', Array, false)
#4 D:\personal\finalyear\petcare\system\Validation\StrictRules\Rules.php(227): CodeIgniter\Database\BaseBuilder->get()
#5 D:\personal\finalyear\petcare\system\Validation\Validation.php(328): CodeIgniter\Validation\StrictRules\Rules->is_unique('devmanish1743@g...', 'email', Array, NULL, 'email')
#6 D:\personal\finalyear\petcare\system\Validation\Validation.php(200): CodeIgniter\Validation\Validation->processRules('email', 'email', 'devmanish1743@g...', Array, Array)
#7 D:\personal\finalyear\petcare\app\Controllers\Home.php(41): CodeIgniter\Validation\Validation->run()
#8 D:\personal\finalyear\petcare\system\CodeIgniter.php(941): App\Controllers\Home->signup()
#9 D:\personal\finalyear\petcare\system\CodeIgniter.php(502): CodeIgniter\CodeIgniter->runController(Object(App\Controllers\Home))
#10 D:\personal\finalyear\petcare\system\CodeIgniter.php(361): CodeIgniter\CodeIgniter->handleRequest(NULL, Object(Config\Cache), false)
#11 D:\personal\finalyear\petcare\public\index.php(79): CodeIgniter\CodeIgniter->run()
#12 D:\personal\finalyear\petcare\system\Commands\Server\rewrite.php(47): require_once('D:\\personal\\fin...')
#13 {main}

Next CodeIgniter\Database\Exceptions\DatabaseException: Access denied for user ''@'localhost' (using password: NO) in D:\personal\finalyear\petcare\system\Database\MySQLi\Connection.php:229
Stack trace:
#0 D:\personal\finalyear\petcare\system\Database\BaseConnection.php(392): CodeIgniter\Database\MySQLi\Connection->connect(false)
#1 D:\personal\finalyear\petcare\system\Database\BaseConnection.php(575): CodeIgniter\Database\BaseConnection->initialize()
#2 D:\personal\finalyear\petcare\system\Database\BaseBuilder.php(1613): CodeIgniter\Database\BaseConnection->query('SELECT 1\nFROM `...', Array, false)
#3 D:\personal\finalyear\petcare\system\Validation\StrictRules\Rules.php(227): CodeIgniter\Database\BaseBuilder->get()
#4 D:\personal\finalyear\petcare\system\Validation\Validation.php(328): CodeIgniter\Validation\StrictRules\Rules->is_unique('devmanish1743@g...', 'email', Array, NULL, 'email')
#5 D:\personal\finalyear\petcare\system\Validation\Validation.php(200): CodeIgniter\Validation\Validation->processRules('email', 'email', 'devmanish1743@g...', Array, Array)
#6 D:\personal\finalyear\petcare\app\Controllers\Home.php(41): CodeIgniter\Validation\Validation->run()
#7 D:\personal\finalyear\petcare\system\CodeIgniter.php(941): App\Controllers\Home->signup()
#8 D:\personal\finalyear\petcare\system\CodeIgniter.php(502): CodeIgniter\CodeIgniter->runController(Object(App\Controllers\Home))
#9 D:\personal\finalyear\petcare\system\CodeIgniter.php(361): CodeIgniter\CodeIgniter->handleRequest(NULL, Object(Config\Cache), false)
#10 D:\personal\finalyear\petcare\public\index.php(79): CodeIgniter\CodeIgniter->run()
#11 D:\personal\finalyear\petcare\system\Commands\Server\rewrite.php(47): require_once('D:\\personal\\fin...')
#12 {main}
CRITICAL - 2024-01-03 16:21:49 --> CodeIgniter\Database\Exceptions\DatabaseException: Unable to connect to the database.
Main connection [MySQLi]: Access denied for user ''@'localhost' (using password: NO)
in SYSTEMPATH\Database\BaseConnection.php on line 428.
 1 SYSTEMPATH\Database\BaseConnection.php(575): CodeIgniter\Database\BaseConnection->initialize()
 2 SYSTEMPATH\Database\BaseBuilder.php(1613): CodeIgniter\Database\BaseConnection->query('SELECT 1
FROM `users`
WHERE `email` = :email:
 LIMIT 1', [...], false)
 3 SYSTEMPATH\Validation\StrictRules\Rules.php(227): CodeIgniter\Database\BaseBuilder->get()
 4 SYSTEMPATH\Validation\Validation.php(328): CodeIgniter\Validation\StrictRules\Rules->is_unique('devmanish1743@gmail.com', 'email', [...], null, 'email')
 5 SYSTEMPATH\Validation\Validation.php(200): CodeIgniter\Validation\Validation->processRules('email', 'email', 'devmanish1743@gmail.com', [...], [...])
 6 APPPATH\Controllers\Home.php(41): CodeIgniter\Validation\Validation->run()
 7 SYSTEMPATH\CodeIgniter.php(941): App\Controllers\Home->signup()
 8 SYSTEMPATH\CodeIgniter.php(502): CodeIgniter\CodeIgniter->runController(Object(App\Controllers\Home))
 9 SYSTEMPATH\CodeIgniter.php(361): CodeIgniter\CodeIgniter->handleRequest(null, Object(Config\Cache), false)
10 FCPATH\index.php(79): CodeIgniter\CodeIgniter->run()
11 SYSTEMPATH\Commands\Server\rewrite.php(47): require_once('D:\\personal\\finalyear\\petcare\\public\\index.php')
ERROR - 2024-01-03 16:22:45 --> Error connecting to the database: mysqli_sql_exception: Access denied for user ''@'localhost' (using password: NO) in D:\personal\finalyear\petcare\system\Database\MySQLi\Connection.php:185
Stack trace:
#0 D:\personal\finalyear\petcare\system\Database\MySQLi\Connection.php(185): mysqli->real_connect('localhost', '', '', '', 3306, '', 0)
#1 D:\personal\finalyear\petcare\system\Database\BaseConnection.php(392): CodeIgniter\Database\MySQLi\Connection->connect(false)
#2 D:\personal\finalyear\petcare\system\Database\BaseConnection.php(575): CodeIgniter\Database\BaseConnection->initialize()
#3 D:\personal\finalyear\petcare\system\Database\BaseBuilder.php(1613): CodeIgniter\Database\BaseConnection->query('SELECT 1\nFROM `...', Array, false)
#4 D:\personal\finalyear\petcare\system\Validation\StrictRules\Rules.php(227): CodeIgniter\Database\BaseBuilder->get()
#5 D:\personal\finalyear\petcare\system\Validation\Validation.php(328): CodeIgniter\Validation\StrictRules\Rules->is_unique('devmanish1743@g...', 'email', Array, NULL, 'email')
#6 D:\personal\finalyear\petcare\system\Validation\Validation.php(200): CodeIgniter\Validation\Validation->processRules('email', 'email', 'devmanish1743@g...', Array, Array)
#7 D:\personal\finalyear\petcare\app\Controllers\Home.php(41): CodeIgniter\Validation\Validation->run()
#8 D:\personal\finalyear\petcare\system\CodeIgniter.php(941): App\Controllers\Home->signup()
#9 D:\personal\finalyear\petcare\system\CodeIgniter.php(502): CodeIgniter\CodeIgniter->runController(Object(App\Controllers\Home))
#10 D:\personal\finalyear\petcare\system\CodeIgniter.php(361): CodeIgniter\CodeIgniter->handleRequest(NULL, Object(Config\Cache), false)
#11 D:\personal\finalyear\petcare\public\index.php(79): CodeIgniter\CodeIgniter->run()
#12 D:\personal\finalyear\petcare\system\Commands\Server\rewrite.php(47): require_once('D:\\personal\\fin...')
#13 {main}

Next CodeIgniter\Database\Exceptions\DatabaseException: Access denied for user ''@'localhost' (using password: NO) in D:\personal\finalyear\petcare\system\Database\MySQLi\Connection.php:229
Stack trace:
#0 D:\personal\finalyear\petcare\system\Database\BaseConnection.php(392): CodeIgniter\Database\MySQLi\Connection->connect(false)
#1 D:\personal\finalyear\petcare\system\Database\BaseConnection.php(575): CodeIgniter\Database\BaseConnection->initialize()
#2 D:\personal\finalyear\petcare\system\Database\BaseBuilder.php(1613): CodeIgniter\Database\BaseConnection->query('SELECT 1\nFROM `...', Array, false)
#3 D:\personal\finalyear\petcare\system\Validation\StrictRules\Rules.php(227): CodeIgniter\Database\BaseBuilder->get()
#4 D:\personal\finalyear\petcare\system\Validation\Validation.php(328): CodeIgniter\Validation\StrictRules\Rules->is_unique('devmanish1743@g...', 'email', Array, NULL, 'email')
#5 D:\personal\finalyear\petcare\system\Validation\Validation.php(200): CodeIgniter\Validation\Validation->processRules('email', 'email', 'devmanish1743@g...', Array, Array)
#6 D:\personal\finalyear\petcare\app\Controllers\Home.php(41): CodeIgniter\Validation\Validation->run()
#7 D:\personal\finalyear\petcare\system\CodeIgniter.php(941): App\Controllers\Home->signup()
#8 D:\personal\finalyear\petcare\system\CodeIgniter.php(502): CodeIgniter\CodeIgniter->runController(Object(App\Controllers\Home))
#9 D:\personal\finalyear\petcare\system\CodeIgniter.php(361): CodeIgniter\CodeIgniter->handleRequest(NULL, Object(Config\Cache), false)
#10 D:\personal\finalyear\petcare\public\index.php(79): CodeIgniter\CodeIgniter->run()
#11 D:\personal\finalyear\petcare\system\Commands\Server\rewrite.php(47): require_once('D:\\personal\\fin...')
#12 {main}
CRITICAL - 2024-01-03 16:22:45 --> CodeIgniter\Database\Exceptions\DatabaseException: Unable to connect to the database.
Main connection [MySQLi]: Access denied for user ''@'localhost' (using password: NO)
in SYSTEMPATH\Database\BaseConnection.php on line 428.
 1 SYSTEMPATH\Database\BaseConnection.php(575): CodeIgniter\Database\BaseConnection->initialize()
 2 SYSTEMPATH\Database\BaseBuilder.php(1613): CodeIgniter\Database\BaseConnection->query('SELECT 1
FROM `users`
WHERE `email` = :email:
 LIMIT 1', [...], false)
 3 SYSTEMPATH\Validation\StrictRules\Rules.php(227): CodeIgniter\Database\BaseBuilder->get()
 4 SYSTEMPATH\Validation\Validation.php(328): CodeIgniter\Validation\StrictRules\Rules->is_unique('devmanish1743@gmail.com', 'email', [...], null, 'email')
 5 SYSTEMPATH\Validation\Validation.php(200): CodeIgniter\Validation\Validation->processRules('email', 'email', 'devmanish1743@gmail.com', [...], [...])
 6 APPPATH\Controllers\Home.php(41): CodeIgniter\Validation\Validation->run()
 7 SYSTEMPATH\CodeIgniter.php(941): App\Controllers\Home->signup()
 8 SYSTEMPATH\CodeIgniter.php(502): CodeIgniter\CodeIgniter->runController(Object(App\Controllers\Home))
 9 SYSTEMPATH\CodeIgniter.php(361): CodeIgniter\CodeIgniter->handleRequest(null, Object(Config\Cache), false)
10 FCPATH\index.php(79): CodeIgniter\CodeIgniter->run()
11 SYSTEMPATH\Commands\Server\rewrite.php(47): require_once('D:\\personal\\finalyear\\petcare\\public\\index.php')
ERROR - 2024-01-03 16:23:05 --> Error connecting to the database: mysqli_sql_exception: Access denied for user ''@'localhost' (using password: NO) in D:\personal\finalyear\petcare\system\Database\MySQLi\Connection.php:185
Stack trace:
#0 D:\personal\finalyear\petcare\system\Database\MySQLi\Connection.php(185): mysqli->real_connect('localhost', '', '', '', 3306, '', 0)
#1 D:\personal\finalyear\petcare\system\Database\BaseConnection.php(392): CodeIgniter\Database\MySQLi\Connection->connect(false)
#2 D:\personal\finalyear\petcare\system\Database\BaseConnection.php(575): CodeIgniter\Database\BaseConnection->initialize()
#3 D:\personal\finalyear\petcare\system\Database\BaseBuilder.php(1613): CodeIgniter\Database\BaseConnection->query('SELECT 1\nFROM `...', Array, false)
#4 D:\personal\finalyear\petcare\system\Validation\StrictRules\Rules.php(227): CodeIgniter\Database\BaseBuilder->get()
#5 D:\personal\finalyear\petcare\system\Validation\Validation.php(328): CodeIgniter\Validation\StrictRules\Rules->is_unique('devmanish1743@g...', 'email', Array, NULL, 'email')
#6 D:\personal\finalyear\petcare\system\Validation\Validation.php(200): CodeIgniter\Validation\Validation->processRules('email', 'email', 'devmanish1743@g...', Array, Array)
#7 D:\personal\finalyear\petcare\app\Controllers\Home.php(41): CodeIgniter\Validation\Validation->run()
#8 D:\personal\finalyear\petcare\system\CodeIgniter.php(941): App\Controllers\Home->signup()
#9 D:\personal\finalyear\petcare\system\CodeIgniter.php(502): CodeIgniter\CodeIgniter->runController(Object(App\Controllers\Home))
#10 D:\personal\finalyear\petcare\system\CodeIgniter.php(361): CodeIgniter\CodeIgniter->handleRequest(NULL, Object(Config\Cache), false)
#11 D:\personal\finalyear\petcare\public\index.php(79): CodeIgniter\CodeIgniter->run()
#12 D:\personal\finalyear\petcare\system\Commands\Server\rewrite.php(47): require_once('D:\\personal\\fin...')
#13 {main}

Next CodeIgniter\Database\Exceptions\DatabaseException: Access denied for user ''@'localhost' (using password: NO) in D:\personal\finalyear\petcare\system\Database\MySQLi\Connection.php:229
Stack trace:
#0 D:\personal\finalyear\petcare\system\Database\BaseConnection.php(392): CodeIgniter\Database\MySQLi\Connection->connect(false)
#1 D:\personal\finalyear\petcare\system\Database\BaseConnection.php(575): CodeIgniter\Database\BaseConnection->initialize()
#2 D:\personal\finalyear\petcare\system\Database\BaseBuilder.php(1613): CodeIgniter\Database\BaseConnection->query('SELECT 1\nFROM `...', Array, false)
#3 D:\personal\finalyear\petcare\system\Validation\StrictRules\Rules.php(227): CodeIgniter\Database\BaseBuilder->get()
#4 D:\personal\finalyear\petcare\system\Validation\Validation.php(328): CodeIgniter\Validation\StrictRules\Rules->is_unique('devmanish1743@g...', 'email', Array, NULL, 'email')
#5 D:\personal\finalyear\petcare\system\Validation\Validation.php(200): CodeIgniter\Validation\Validation->processRules('email', 'email', 'devmanish1743@g...', Array, Array)
#6 D:\personal\finalyear\petcare\app\Controllers\Home.php(41): CodeIgniter\Validation\Validation->run()
#7 D:\personal\finalyear\petcare\system\CodeIgniter.php(941): App\Controllers\Home->signup()
#8 D:\personal\finalyear\petcare\system\CodeIgniter.php(502): CodeIgniter\CodeIgniter->runController(Object(App\Controllers\Home))
#9 D:\personal\finalyear\petcare\system\CodeIgniter.php(361): CodeIgniter\CodeIgniter->handleRequest(NULL, Object(Config\Cache), false)
#10 D:\personal\finalyear\petcare\public\index.php(79): CodeIgniter\CodeIgniter->run()
#11 D:\personal\finalyear\petcare\system\Commands\Server\rewrite.php(47): require_once('D:\\personal\\fin...')
#12 {main}
CRITICAL - 2024-01-03 16:23:05 --> CodeIgniter\Database\Exceptions\DatabaseException: Unable to connect to the database.
Main connection [MySQLi]: Access denied for user ''@'localhost' (using password: NO)
in SYSTEMPATH\Database\BaseConnection.php on line 428.
 1 SYSTEMPATH\Database\BaseConnection.php(575): CodeIgniter\Database\BaseConnection->initialize()
 2 SYSTEMPATH\Database\BaseBuilder.php(1613): CodeIgniter\Database\BaseConnection->query('SELECT 1
FROM `users`
WHERE `email` = :email:
 LIMIT 1', [...], false)
 3 SYSTEMPATH\Validation\StrictRules\Rules.php(227): CodeIgniter\Database\BaseBuilder->get()
 4 SYSTEMPATH\Validation\Validation.php(328): CodeIgniter\Validation\StrictRules\Rules->is_unique('devmanish1743@gmail.com', 'email', [...], null, 'email')
 5 SYSTEMPATH\Validation\Validation.php(200): CodeIgniter\Validation\Validation->processRules('email', 'email', 'devmanish1743@gmail.com', [...], [...])
 6 APPPATH\Controllers\Home.php(41): CodeIgniter\Validation\Validation->run()
 7 SYSTEMPATH\CodeIgniter.php(941): App\Controllers\Home->signup()
 8 SYSTEMPATH\CodeIgniter.php(502): CodeIgniter\CodeIgniter->runController(Object(App\Controllers\Home))
 9 SYSTEMPATH\CodeIgniter.php(361): CodeIgniter\CodeIgniter->handleRequest(null, Object(Config\Cache), false)
10 FCPATH\index.php(79): CodeIgniter\CodeIgniter->run()
11 SYSTEMPATH\Commands\Server\rewrite.php(47): require_once('D:\\personal\\finalyear\\petcare\\public\\index.php')
ERROR - 2024-01-03 16:23:07 --> Error connecting to the database: mysqli_sql_exception: Access denied for user ''@'localhost' (using password: NO) in D:\personal\finalyear\petcare\system\Database\MySQLi\Connection.php:185
Stack trace:
#0 D:\personal\finalyear\petcare\system\Database\MySQLi\Connection.php(185): mysqli->real_connect('localhost', '', '', '', 3306, '', 0)
#1 D:\personal\finalyear\petcare\system\Database\BaseConnection.php(392): CodeIgniter\Database\MySQLi\Connection->connect(false)
#2 D:\personal\finalyear\petcare\system\Database\BaseConnection.php(575): CodeIgniter\Database\BaseConnection->initialize()
#3 D:\personal\finalyear\petcare\system\Database\BaseBuilder.php(1613): CodeIgniter\Database\BaseConnection->query('SELECT 1\nFROM `...', Array, false)
#4 D:\personal\finalyear\petcare\system\Validation\StrictRules\Rules.php(227): CodeIgniter\Database\BaseBuilder->get()
#5 D:\personal\finalyear\petcare\system\Validation\Validation.php(328): CodeIgniter\Validation\StrictRules\Rules->is_unique('devmanish1743@g...', 'email', Array, NULL, 'email')
#6 D:\personal\finalyear\petcare\system\Validation\Validation.php(200): CodeIgniter\Validation\Validation->processRules('email', 'email', 'devmanish1743@g...', Array, Array)
#7 D:\personal\finalyear\petcare\app\Controllers\Home.php(41): CodeIgniter\Validation\Validation->run()
#8 D:\personal\finalyear\petcare\system\CodeIgniter.php(941): App\Controllers\Home->signup()
#9 D:\personal\finalyear\petcare\system\CodeIgniter.php(502): CodeIgniter\CodeIgniter->runController(Object(App\Controllers\Home))
#10 D:\personal\finalyear\petcare\system\CodeIgniter.php(361): CodeIgniter\CodeIgniter->handleRequest(NULL, Object(Config\Cache), false)
#11 D:\personal\finalyear\petcare\public\index.php(79): CodeIgniter\CodeIgniter->run()
#12 D:\personal\finalyear\petcare\system\Commands\Server\rewrite.php(47): require_once('D:\\personal\\fin...')
#13 {main}

Next CodeIgniter\Database\Exceptions\DatabaseException: Access denied for user ''@'localhost' (using password: NO) in D:\personal\finalyear\petcare\system\Database\MySQLi\Connection.php:229
Stack trace:
#0 D:\personal\finalyear\petcare\system\Database\BaseConnection.php(392): CodeIgniter\Database\MySQLi\Connection->connect(false)
#1 D:\personal\finalyear\petcare\system\Database\BaseConnection.php(575): CodeIgniter\Database\BaseConnection->initialize()
#2 D:\personal\finalyear\petcare\system\Database\BaseBuilder.php(1613): CodeIgniter\Database\BaseConnection->query('SELECT 1\nFROM `...', Array, false)
#3 D:\personal\finalyear\petcare\system\Validation\StrictRules\Rules.php(227): CodeIgniter\Database\BaseBuilder->get()
#4 D:\personal\finalyear\petcare\system\Validation\Validation.php(328): CodeIgniter\Validation\StrictRules\Rules->is_unique('devmanish1743@g...', 'email', Array, NULL, 'email')
#5 D:\personal\finalyear\petcare\system\Validation\Validation.php(200): CodeIgniter\Validation\Validation->processRules('email', 'email', 'devmanish1743@g...', Array, Array)
#6 D:\personal\finalyear\petcare\app\Controllers\Home.php(41): CodeIgniter\Validation\Validation->run()
#7 D:\personal\finalyear\petcare\system\CodeIgniter.php(941): App\Controllers\Home->signup()
#8 D:\personal\finalyear\petcare\system\CodeIgniter.php(502): CodeIgniter\CodeIgniter->runController(Object(App\Controllers\Home))
#9 D:\personal\finalyear\petcare\system\CodeIgniter.php(361): CodeIgniter\CodeIgniter->handleRequest(NULL, Object(Config\Cache), false)
#10 D:\personal\finalyear\petcare\public\index.php(79): CodeIgniter\CodeIgniter->run()
#11 D:\personal\finalyear\petcare\system\Commands\Server\rewrite.php(47): require_once('D:\\personal\\fin...')
#12 {main}
CRITICAL - 2024-01-03 16:23:07 --> CodeIgniter\Database\Exceptions\DatabaseException: Unable to connect to the database.
Main connection [MySQLi]: Access denied for user ''@'localhost' (using password: NO)
in SYSTEMPATH\Database\BaseConnection.php on line 428.
 1 SYSTEMPATH\Database\BaseConnection.php(575): CodeIgniter\Database\BaseConnection->initialize()
 2 SYSTEMPATH\Database\BaseBuilder.php(1613): CodeIgniter\Database\BaseConnection->query('SELECT 1
FROM `users`
WHERE `email` = :email:
 LIMIT 1', [...], false)
 3 SYSTEMPATH\Validation\StrictRules\Rules.php(227): CodeIgniter\Database\BaseBuilder->get()
 4 SYSTEMPATH\Validation\Validation.php(328): CodeIgniter\Validation\StrictRules\Rules->is_unique('devmanish1743@gmail.com', 'email', [...], null, 'email')
 5 SYSTEMPATH\Validation\Validation.php(200): CodeIgniter\Validation\Validation->processRules('email', 'email', 'devmanish1743@gmail.com', [...], [...])
 6 APPPATH\Controllers\Home.php(41): CodeIgniter\Validation\Validation->run()
 7 SYSTEMPATH\CodeIgniter.php(941): App\Controllers\Home->signup()
 8 SYSTEMPATH\CodeIgniter.php(502): CodeIgniter\CodeIgniter->runController(Object(App\Controllers\Home))
 9 SYSTEMPATH\CodeIgniter.php(361): CodeIgniter\CodeIgniter->handleRequest(null, Object(Config\Cache), false)
10 FCPATH\index.php(79): CodeIgniter\CodeIgniter->run()
11 SYSTEMPATH\Commands\Server\rewrite.php(47): require_once('D:\\personal\\finalyear\\petcare\\public\\index.php')
ERROR - 2024-01-03 16:25:50 --> Error connecting to the database: mysqli_sql_exception: Access denied for user ''@'localhost' (using password: NO) in D:\personal\finalyear\petcare\system\Database\MySQLi\Connection.php:185
Stack trace:
#0 D:\personal\finalyear\petcare\system\Database\MySQLi\Connection.php(185): mysqli->real_connect('localhost', '', '', '', 3306, '', 0)
#1 D:\personal\finalyear\petcare\system\Database\BaseConnection.php(392): CodeIgniter\Database\MySQLi\Connection->connect(false)
#2 D:\personal\finalyear\petcare\system\Database\BaseConnection.php(575): CodeIgniter\Database\BaseConnection->initialize()
#3 D:\personal\finalyear\petcare\system\Database\BaseBuilder.php(1613): CodeIgniter\Database\BaseConnection->query('SELECT 1\nFROM `...', Array, false)
#4 D:\personal\finalyear\petcare\system\Validation\StrictRules\Rules.php(227): CodeIgniter\Database\BaseBuilder->get()
#5 D:\personal\finalyear\petcare\system\Validation\Validation.php(328): CodeIgniter\Validation\StrictRules\Rules->is_unique('devmanish1743@g...', 'email', Array, NULL, 'email')
#6 D:\personal\finalyear\petcare\system\Validation\Validation.php(200): CodeIgniter\Validation\Validation->processRules('email', 'email', 'devmanish1743@g...', Array, Array)
#7 D:\personal\finalyear\petcare\app\Controllers\Home.php(41): CodeIgniter\Validation\Validation->run()
#8 D:\personal\finalyear\petcare\system\CodeIgniter.php(941): App\Controllers\Home->signup()
#9 D:\personal\finalyear\petcare\system\CodeIgniter.php(502): CodeIgniter\CodeIgniter->runController(Object(App\Controllers\Home))
#10 D:\personal\finalyear\petcare\system\CodeIgniter.php(361): CodeIgniter\CodeIgniter->handleRequest(NULL, Object(Config\Cache), false)
#11 D:\personal\finalyear\petcare\public\index.php(79): CodeIgniter\CodeIgniter->run()
#12 D:\personal\finalyear\petcare\system\Commands\Server\rewrite.php(47): require_once('D:\\personal\\fin...')
#13 {main}

Next CodeIgniter\Database\Exceptions\DatabaseException: Access denied for user ''@'localhost' (using password: NO) in D:\personal\finalyear\petcare\system\Database\MySQLi\Connection.php:229
Stack trace:
#0 D:\personal\finalyear\petcare\system\Database\BaseConnection.php(392): CodeIgniter\Database\MySQLi\Connection->connect(false)
#1 D:\personal\finalyear\petcare\system\Database\BaseConnection.php(575): CodeIgniter\Database\BaseConnection->initialize()
#2 D:\personal\finalyear\petcare\system\Database\BaseBuilder.php(1613): CodeIgniter\Database\BaseConnection->query('SELECT 1\nFROM `...', Array, false)
#3 D:\personal\finalyear\petcare\system\Validation\StrictRules\Rules.php(227): CodeIgniter\Database\BaseBuilder->get()
#4 D:\personal\finalyear\petcare\system\Validation\Validation.php(328): CodeIgniter\Validation\StrictRules\Rules->is_unique('devmanish1743@g...', 'email', Array, NULL, 'email')
#5 D:\personal\finalyear\petcare\system\Validation\Validation.php(200): CodeIgniter\Validation\Validation->processRules('email', 'email', 'devmanish1743@g...', Array, Array)
#6 D:\personal\finalyear\petcare\app\Controllers\Home.php(41): CodeIgniter\Validation\Validation->run()
#7 D:\personal\finalyear\petcare\system\CodeIgniter.php(941): App\Controllers\Home->signup()
#8 D:\personal\finalyear\petcare\system\CodeIgniter.php(502): CodeIgniter\CodeIgniter->runController(Object(App\Controllers\Home))
#9 D:\personal\finalyear\petcare\system\CodeIgniter.php(361): CodeIgniter\CodeIgniter->handleRequest(NULL, Object(Config\Cache), false)
#10 D:\personal\finalyear\petcare\public\index.php(79): CodeIgniter\CodeIgniter->run()
#11 D:\personal\finalyear\petcare\system\Commands\Server\rewrite.php(47): require_once('D:\\personal\\fin...')
#12 {main}
CRITICAL - 2024-01-03 16:25:50 --> CodeIgniter\Database\Exceptions\DatabaseException: Unable to connect to the database.
Main connection [MySQLi]: Access denied for user ''@'localhost' (using password: NO)
in SYSTEMPATH\Database\BaseConnection.php on line 428.
 1 SYSTEMPATH\Database\BaseConnection.php(575): CodeIgniter\Database\BaseConnection->initialize()
 2 SYSTEMPATH\Database\BaseBuilder.php(1613): CodeIgniter\Database\BaseConnection->query('SELECT 1
FROM `users`
WHERE `email` = :email:
 LIMIT 1', [...], false)
 3 SYSTEMPATH\Validation\StrictRules\Rules.php(227): CodeIgniter\Database\BaseBuilder->get()
 4 SYSTEMPATH\Validation\Validation.php(328): CodeIgniter\Validation\StrictRules\Rules->is_unique('devmanish1743@gmail.com', 'email', [...], null, 'email')
 5 SYSTEMPATH\Validation\Validation.php(200): CodeIgniter\Validation\Validation->processRules('email', 'email', 'devmanish1743@gmail.com', [...], [...])
 6 APPPATH\Controllers\Home.php(41): CodeIgniter\Validation\Validation->run()
 7 SYSTEMPATH\CodeIgniter.php(941): App\Controllers\Home->signup()
 8 SYSTEMPATH\CodeIgniter.php(502): CodeIgniter\CodeIgniter->runController(Object(App\Controllers\Home))
 9 SYSTEMPATH\CodeIgniter.php(361): CodeIgniter\CodeIgniter->handleRequest(null, Object(Config\Cache), false)
10 FCPATH\index.php(79): CodeIgniter\CodeIgniter->run()
11 SYSTEMPATH\Commands\Server\rewrite.php(47): require_once('D:\\personal\\finalyear\\petcare\\public\\index.php')
ERROR - 2024-01-03 16:28:29 --> Error connecting to the database: mysqli_sql_exception: Access denied for user ''@'localhost' (using password: NO) in D:\personal\finalyear\petcare\system\Database\MySQLi\Connection.php:185
Stack trace:
#0 D:\personal\finalyear\petcare\system\Database\MySQLi\Connection.php(185): mysqli->real_connect('localhost', '', '', '', 3306, '', 0)
#1 D:\personal\finalyear\petcare\system\Database\BaseConnection.php(392): CodeIgniter\Database\MySQLi\Connection->connect(false)
#2 D:\personal\finalyear\petcare\system\Database\BaseConnection.php(575): CodeIgniter\Database\BaseConnection->initialize()
#3 D:\personal\finalyear\petcare\system\Database\BaseBuilder.php(1613): CodeIgniter\Database\BaseConnection->query('SELECT 1\nFROM `...', Array, false)
#4 D:\personal\finalyear\petcare\system\Validation\StrictRules\Rules.php(227): CodeIgniter\Database\BaseBuilder->get()
#5 D:\personal\finalyear\petcare\system\Validation\Validation.php(328): CodeIgniter\Validation\StrictRules\Rules->is_unique('devmanish1743@g...', 'email', Array, NULL, 'email')
#6 D:\personal\finalyear\petcare\system\Validation\Validation.php(200): CodeIgniter\Validation\Validation->processRules('email', 'email', 'devmanish1743@g...', Array, Array)
#7 D:\personal\finalyear\petcare\app\Controllers\Home.php(41): CodeIgniter\Validation\Validation->run()
#8 D:\personal\finalyear\petcare\system\CodeIgniter.php(941): App\Controllers\Home->signup()
#9 D:\personal\finalyear\petcare\system\CodeIgniter.php(502): CodeIgniter\CodeIgniter->runController(Object(App\Controllers\Home))
#10 D:\personal\finalyear\petcare\system\CodeIgniter.php(361): CodeIgniter\CodeIgniter->handleRequest(NULL, Object(Config\Cache), false)
#11 D:\personal\finalyear\petcare\public\index.php(79): CodeIgniter\CodeIgniter->run()
#12 D:\personal\finalyear\petcare\system\Commands\Server\rewrite.php(47): require_once('D:\\personal\\fin...')
#13 {main}

Next CodeIgniter\Database\Exceptions\DatabaseException: Access denied for user ''@'localhost' (using password: NO) in D:\personal\finalyear\petcare\system\Database\MySQLi\Connection.php:229
Stack trace:
#0 D:\personal\finalyear\petcare\system\Database\BaseConnection.php(392): CodeIgniter\Database\MySQLi\Connection->connect(false)
#1 D:\personal\finalyear\petcare\system\Database\BaseConnection.php(575): CodeIgniter\Database\BaseConnection->initialize()
#2 D:\personal\finalyear\petcare\system\Database\BaseBuilder.php(1613): CodeIgniter\Database\BaseConnection->query('SELECT 1\nFROM `...', Array, false)
#3 D:\personal\finalyear\petcare\system\Validation\StrictRules\Rules.php(227): CodeIgniter\Database\BaseBuilder->get()
#4 D:\personal\finalyear\petcare\system\Validation\Validation.php(328): CodeIgniter\Validation\StrictRules\Rules->is_unique('devmanish1743@g...', 'email', Array, NULL, 'email')
#5 D:\personal\finalyear\petcare\system\Validation\Validation.php(200): CodeIgniter\Validation\Validation->processRules('email', 'email', 'devmanish1743@g...', Array, Array)
#6 D:\personal\finalyear\petcare\app\Controllers\Home.php(41): CodeIgniter\Validation\Validation->run()
#7 D:\personal\finalyear\petcare\system\CodeIgniter.php(941): App\Controllers\Home->signup()
#8 D:\personal\finalyear\petcare\system\CodeIgniter.php(502): CodeIgniter\CodeIgniter->runController(Object(App\Controllers\Home))
#9 D:\personal\finalyear\petcare\system\CodeIgniter.php(361): CodeIgniter\CodeIgniter->handleRequest(NULL, Object(Config\Cache), false)
#10 D:\personal\finalyear\petcare\public\index.php(79): CodeIgniter\CodeIgniter->run()
#11 D:\personal\finalyear\petcare\system\Commands\Server\rewrite.php(47): require_once('D:\\personal\\fin...')
#12 {main}
CRITICAL - 2024-01-03 16:28:29 --> CodeIgniter\Database\Exceptions\DatabaseException: Unable to connect to the database.
Main connection [MySQLi]: Access denied for user ''@'localhost' (using password: NO)
in SYSTEMPATH\Database\BaseConnection.php on line 428.
 1 SYSTEMPATH\Database\BaseConnection.php(575): CodeIgniter\Database\BaseConnection->initialize()
 2 SYSTEMPATH\Database\BaseBuilder.php(1613): CodeIgniter\Database\BaseConnection->query('SELECT 1
FROM `users`
WHERE `email` = :email:
 LIMIT 1', [...], false)
 3 SYSTEMPATH\Validation\StrictRules\Rules.php(227): CodeIgniter\Database\BaseBuilder->get()
 4 SYSTEMPATH\Validation\Validation.php(328): CodeIgniter\Validation\StrictRules\Rules->is_unique('devmanish1743@gmail.com', 'email', [...], null, 'email')
 5 SYSTEMPATH\Validation\Validation.php(200): CodeIgniter\Validation\Validation->processRules('email', 'email', 'devmanish1743@gmail.com', [...], [...])
 6 APPPATH\Controllers\Home.php(41): CodeIgniter\Validation\Validation->run()
 7 SYSTEMPATH\CodeIgniter.php(941): App\Controllers\Home->signup()
 8 SYSTEMPATH\CodeIgniter.php(502): CodeIgniter\CodeIgniter->runController(Object(App\Controllers\Home))
 9 SYSTEMPATH\CodeIgniter.php(361): CodeIgniter\CodeIgniter->handleRequest(null, Object(Config\Cache), false)
10 FCPATH\index.php(79): CodeIgniter\CodeIgniter->run()
11 SYSTEMPATH\Commands\Server\rewrite.php(47): require_once('D:\\personal\\finalyear\\petcare\\public\\index.php')
ERROR - 2024-01-03 16:31:43 --> mysqli_sql_exception: Table 'adoptable_allies.users' doesn't exist in D:\personal\finalyear\petcare\system\Database\MySQLi\Connection.php:306
Stack trace:
#0 D:\personal\finalyear\petcare\system\Database\MySQLi\Connection.php(306): mysqli->query('SELECT 1\nFROM `...', 0)
#1 D:\personal\finalyear\petcare\system\Database\BaseConnection.php(693): CodeIgniter\Database\MySQLi\Connection->execute('SELECT 1\nFROM `...')
#2 D:\personal\finalyear\petcare\system\Database\BaseConnection.php(607): CodeIgniter\Database\BaseConnection->simpleQuery('SELECT 1\nFROM `...')
#3 D:\personal\finalyear\petcare\system\Database\BaseBuilder.php(1613): CodeIgniter\Database\BaseConnection->query('SELECT 1\nFROM `...', Array, false)
#4 D:\personal\finalyear\petcare\system\Validation\StrictRules\Rules.php(227): CodeIgniter\Database\BaseBuilder->get()
#5 D:\personal\finalyear\petcare\system\Validation\Validation.php(328): CodeIgniter\Validation\StrictRules\Rules->is_unique('devmanish1743@g...', 'email', Array, NULL, 'email')
#6 D:\personal\finalyear\petcare\system\Validation\Validation.php(200): CodeIgniter\Validation\Validation->processRules('email', 'email', 'devmanish1743@g...', Array, Array)
#7 D:\personal\finalyear\petcare\app\Controllers\Home.php(41): CodeIgniter\Validation\Validation->run()
#8 D:\personal\finalyear\petcare\system\CodeIgniter.php(941): App\Controllers\Home->signup()
#9 D:\personal\finalyear\petcare\system\CodeIgniter.php(502): CodeIgniter\CodeIgniter->runController(Object(App\Controllers\Home))
#10 D:\personal\finalyear\petcare\system\CodeIgniter.php(361): CodeIgniter\CodeIgniter->handleRequest(NULL, Object(Config\Cache), false)
#11 D:\personal\finalyear\petcare\public\index.php(79): CodeIgniter\CodeIgniter->run()
#12 D:\personal\finalyear\petcare\system\Commands\Server\rewrite.php(47): require_once('D:\\personal\\fin...')
#13 {main}
CRITICAL - 2024-01-03 16:31:43 --> CodeIgniter\Database\Exceptions\DatabaseException: Table 'adoptable_allies.users' doesn't exist
in SYSTEMPATH\Database\BaseConnection.php on line 647.
 1 SYSTEMPATH\Database\BaseBuilder.php(1613): CodeIgniter\Database\BaseConnection->query('SELECT 1
FROM `users`
WHERE `email` = :email:
 LIMIT 1', [...], false)
 2 SYSTEMPATH\Validation\StrictRules\Rules.php(227): CodeIgniter\Database\BaseBuilder->get()
 3 SYSTEMPATH\Validation\Validation.php(328): CodeIgniter\Validation\StrictRules\Rules->is_unique('devmanish1743@gmail.com', 'email', [...], null, 'email')
 4 SYSTEMPATH\Validation\Validation.php(200): CodeIgniter\Validation\Validation->processRules('email', 'email', 'devmanish1743@gmail.com', [...], [...])
 5 APPPATH\Controllers\Home.php(41): CodeIgniter\Validation\Validation->run()
 6 SYSTEMPATH\CodeIgniter.php(941): App\Controllers\Home->signup()
 7 SYSTEMPATH\CodeIgniter.php(502): CodeIgniter\CodeIgniter->runController(Object(App\Controllers\Home))
 8 SYSTEMPATH\CodeIgniter.php(361): CodeIgniter\CodeIgniter->handleRequest(null, Object(Config\Cache), false)
 9 FCPATH\index.php(79): CodeIgniter\CodeIgniter->run()
10 SYSTEMPATH\Commands\Server\rewrite.php(47): require_once('D:\\personal\\finalyear\\petcare\\public\\index.php')
CRITICAL - 2024-01-03 16:31:43 --> [Caused by] CodeIgniter\Database\Exceptions\DatabaseException: Table 'adoptable_allies.users' doesn't exist
in SYSTEMPATH\Database\MySQLi\Connection.php on line 311.
 1 SYSTEMPATH\Database\BaseConnection.php(693): CodeIgniter\Database\MySQLi\Connection->execute('SELECT 1
FROM `users`
WHERE `email` = \'devmanish1743@gmail.com\'
 LIMIT 1')
 2 SYSTEMPATH\Database\BaseConnection.php(607): CodeIgniter\Database\BaseConnection->simpleQuery('SELECT 1
FROM `users`
WHERE `email` = \'devmanish1743@gmail.com\'
 LIMIT 1')
 3 SYSTEMPATH\Database\BaseBuilder.php(1613): CodeIgniter\Database\BaseConnection->query('SELECT 1
FROM `users`
WHERE `email` = :email:
 LIMIT 1', [...], false)
 4 SYSTEMPATH\Validation\StrictRules\Rules.php(227): CodeIgniter\Database\BaseBuilder->get()
 5 SYSTEMPATH\Validation\Validation.php(328): CodeIgniter\Validation\StrictRules\Rules->is_unique('devmanish1743@gmail.com', 'email', [...], null, 'email')
 6 SYSTEMPATH\Validation\Validation.php(200): CodeIgniter\Validation\Validation->processRules('email', 'email', 'devmanish1743@gmail.com', [...], [...])
 7 APPPATH\Controllers\Home.php(41): CodeIgniter\Validation\Validation->run()
 8 SYSTEMPATH\CodeIgniter.php(941): App\Controllers\Home->signup()
 9 SYSTEMPATH\CodeIgniter.php(502): CodeIgniter\CodeIgniter->runController(Object(App\Controllers\Home))
10 SYSTEMPATH\CodeIgniter.php(361): CodeIgniter\CodeIgniter->handleRequest(null, Object(Config\Cache), false)
11 FCPATH\index.php(79): CodeIgniter\CodeIgniter->run()
12 SYSTEMPATH\Commands\Server\rewrite.php(47): require_once('D:\\personal\\finalyear\\petcare\\public\\index.php')
CRITICAL - 2024-01-03 16:31:43 --> [Caused by] mysqli_sql_exception: Table 'adoptable_allies.users' doesn't exist
in SYSTEMPATH\Database\MySQLi\Connection.php on line 306.
 1 SYSTEMPATH\Database\MySQLi\Connection.php(306): mysqli->query('SELECT 1
FROM `users`
WHERE `email` = \'devmanish1743@gmail.com\'
 LIMIT 1', 0)
 2 SYSTEMPATH\Database\BaseConnection.php(693): CodeIgniter\Database\MySQLi\Connection->execute('SELECT 1
FROM `users`
WHERE `email` = \'devmanish1743@gmail.com\'
 LIMIT 1')
 3 SYSTEMPATH\Database\BaseConnection.php(607): CodeIgniter\Database\BaseConnection->simpleQuery('SELECT 1
FROM `users`
WHERE `email` = \'devmanish1743@gmail.com\'
 LIMIT 1')
 4 SYSTEMPATH\Database\BaseBuilder.php(1613): CodeIgniter\Database\BaseConnection->query('SELECT 1
FROM `users`
WHERE `email` = :email:
 LIMIT 1', [...], false)
 5 SYSTEMPATH\Validation\StrictRules\Rules.php(227): CodeIgniter\Database\BaseBuilder->get()
 6 SYSTEMPATH\Validation\Validation.php(328): CodeIgniter\Validation\StrictRules\Rules->is_unique('devmanish1743@gmail.com', 'email', [...], null, 'email')
 7 SYSTEMPATH\Validation\Validation.php(200): CodeIgniter\Validation\Validation->processRules('email', 'email', 'devmanish1743@gmail.com', [...], [...])
 8 APPPATH\Controllers\Home.php(41): CodeIgniter\Validation\Validation->run()
 9 SYSTEMPATH\CodeIgniter.php(941): App\Controllers\Home->signup()
10 SYSTEMPATH\CodeIgniter.php(502): CodeIgniter\CodeIgniter->runController(Object(App\Controllers\Home))
11 SYSTEMPATH\CodeIgniter.php(361): CodeIgniter\CodeIgniter->handleRequest(null, Object(Config\Cache), false)
12 FCPATH\index.php(79): CodeIgniter\CodeIgniter->run()
13 SYSTEMPATH\Commands\Server\rewrite.php(47): require_once('D:\\personal\\finalyear\\petcare\\public\\index.php')
INFO - 2024-01-03 17:05:10 --> Session: Class initialized using 'CodeIgniter\Session\Handlers\FileHandler' driver.
INFO - 2024-01-03 17:05:42 --> Session: Class initialized using 'CodeIgniter\Session\Handlers\FileHandler' driver.
INFO - 2024-01-03 17:08:40 --> Session: Class initialized using 'CodeIgniter\Session\Handlers\FileHandler' driver.
INFO - 2024-01-03 17:09:02 --> Session: Class initialized using 'CodeIgniter\Session\Handlers\FileHandler' driver.
INFO - 2024-01-03 17:09:02 --> Session: Class initialized using 'CodeIgniter\Session\Handlers\FileHandler' driver.
INFO - 2024-01-03 17:11:09 --> Session: Class initialized using 'CodeIgniter\Session\Handlers\FileHandler' driver.
INFO - 2024-01-03 17:11:12 --> Session: Class initialized using 'CodeIgniter\Session\Handlers\FileHandler' driver.
INFO - 2024-01-03 17:11:14 --> Session: Class initialized using 'CodeIgniter\Session\Handlers\FileHandler' driver.
INFO - 2024-01-03 17:11:35 --> Session: Class initialized using 'CodeIgniter\Session\Handlers\FileHandler' driver.
INFO - 2024-01-03 17:11:35 --> Session: Class initialized using 'CodeIgniter\Session\Handlers\FileHandler' driver.
INFO - 2024-01-03 17:13:14 --> Session: Class initialized using 'CodeIgniter\Session\Handlers\FileHandler' driver.
INFO - 2024-01-03 17:13:17 --> Session: Class initialized using 'CodeIgniter\Session\Handlers\FileHandler' driver.
INFO - 2024-01-03 17:14:08 --> Session: Class initialized using 'CodeIgniter\Session\Handlers\FileHandler' driver.
INFO - 2024-01-03 17:14:08 --> Session: Class initialized using 'CodeIgniter\Session\Handlers\FileHandler' driver.
INFO - 2024-01-03 17:23:33 --> Session: Class initialized using 'CodeIgniter\Session\Handlers\FileHandler' driver.
INFO - 2024-01-03 17:23:36 --> Session: Class initialized using 'CodeIgniter\Session\Handlers\FileHandler' driver.
INFO - 2024-01-03 17:24:21 --> Session: Class initialized using 'CodeIgniter\Session\Handlers\FileHandler' driver.
INFO - 2024-01-03 17:24:22 --> Session: Class initialized using 'CodeIgniter\Session\Handlers\FileHandler' driver.
INFO - 2024-01-03 17:25:50 --> Session: Class initialized using 'CodeIgniter\Session\Handlers\FileHandler' driver.
INFO - 2024-01-03 17:27:56 --> Session: Class initialized using 'CodeIgniter\Session\Handlers\FileHandler' driver.
INFO - 2024-01-03 17:51:06 --> Session: Class initialized using 'CodeIgniter\Session\Handlers\FileHandler' driver.
INFO - 2024-01-03 17:51:15 --> Session: Class initialized using 'CodeIgniter\Session\Handlers\FileHandler' driver.
INFO - 2024-01-03 17:51:15 --> Session: Class initialized using 'CodeIgniter\Session\Handlers\FileHandler' driver.
